<?xml version="1.0" encoding="UTF-8"?>
<testsuite xmlns:xsi="http://www.w3.org/2001/XMLSchema-instance" xsi:noNamespaceSchemaLocation="https://maven.apache.org/surefire/maven-surefire-plugin/xsd/surefire-test-report-3.0.xsd" version="3.0" name="board.PieceTest" time="0.183" tests="1" errors="0" skipped="0" failures="0">
  <properties>
    <property name="java.specification.version" value="17"/>
    <property name="sun.jnu.encoding" value="UTF-8"/>
    <property name="java.class.path" value="/home/kadarkutir/Project/homework-project-kadarkutir/target/test-classes:/home/kadarkutir/Project/homework-project-kadarkutir/target/classes:/home/kadarkutir/.m2/repository/org/openjfx/javafx-controls/18/javafx-controls-18.jar:/home/kadarkutir/.m2/repository/org/openjfx/javafx-controls/18/javafx-controls-18-linux.jar:/home/kadarkutir/.m2/repository/org/openjfx/javafx-graphics/18/javafx-graphics-18.jar:/home/kadarkutir/.m2/repository/org/openjfx/javafx-graphics/18/javafx-graphics-18-linux.jar:/home/kadarkutir/.m2/repository/org/openjfx/javafx-base/18/javafx-base-18.jar:/home/kadarkutir/.m2/repository/org/openjfx/javafx-base/18/javafx-base-18-linux.jar:/home/kadarkutir/.m2/repository/org/openjfx/javafx-fxml/18/javafx-fxml-18.jar:/home/kadarkutir/.m2/repository/org/openjfx/javafx-fxml/18/javafx-fxml-18-linux.jar:/home/kadarkutir/.m2/repository/org/junit/jupiter/junit-jupiter-engine/5.8.2/junit-jupiter-engine-5.8.2.jar:/home/kadarkutir/.m2/repository/org/junit/platform/junit-platform-engine/1.8.2/junit-platform-engine-1.8.2.jar:/home/kadarkutir/.m2/repository/org/opentest4j/opentest4j/1.2.0/opentest4j-1.2.0.jar:/home/kadarkutir/.m2/repository/org/junit/platform/junit-platform-commons/1.8.2/junit-platform-commons-1.8.2.jar:/home/kadarkutir/.m2/repository/org/junit/jupiter/junit-jupiter-api/5.8.2/junit-jupiter-api-5.8.2.jar:/home/kadarkutir/.m2/repository/org/apiguardian/apiguardian-api/1.1.2/apiguardian-api-1.1.2.jar:/home/kadarkutir/.m2/repository/org/junit/jupiter/junit-jupiter-params/5.8.2/junit-jupiter-params-5.8.2.jar:/home/kadarkutir/.m2/repository/org/tinylog/tinylog-api/2.4.1/tinylog-api-2.4.1.jar:/home/kadarkutir/.m2/repository/org/tinylog/tinylog-impl/2.4.1/tinylog-impl-2.4.1.jar:/home/kadarkutir/.m2/repository/org/codehaus/mojo/animal-sniffer-annotations/1.18/animal-sniffer-annotations-1.18.jar:/home/kadarkutir/.m2/repository/com/google/code/gson/gson/2.9.0/gson-2.9.0.jar:"/>
    <property name="java.vm.vendor" value="Oracle Corporation"/>
    <property name="sun.arch.data.model" value="64"/>
    <property name="java.vendor.url" value="https://java.oracle.com/"/>
    <property name="os.name" value="Linux"/>
    <property name="java.vm.specification.version" value="17"/>
    <property name="sun.java.launcher" value="SUN_STANDARD"/>
    <property name="user.country" value="US"/>
    <property name="sun.boot.library.path" value="/home/kadarkutir/.sdkman/candidates/java/17.0.2-open/lib"/>
    <property name="sun.java.command" value="/home/kadarkutir/Project/homework-project-kadarkutir/target/surefire/surefirebooter5133400659622402304.jar /home/kadarkutir/Project/homework-project-kadarkutir/target/surefire 2022-05-23T10-52-59_164-jvmRun1 surefire5865388715419298575tmp surefire_016137336336545925276tmp"/>
    <property name="jdk.debug" value="release"/>
    <property name="surefire.test.class.path" value="/home/kadarkutir/Project/homework-project-kadarkutir/target/test-classes:/home/kadarkutir/Project/homework-project-kadarkutir/target/classes:/home/kadarkutir/.m2/repository/org/openjfx/javafx-controls/18/javafx-controls-18.jar:/home/kadarkutir/.m2/repository/org/openjfx/javafx-controls/18/javafx-controls-18-linux.jar:/home/kadarkutir/.m2/repository/org/openjfx/javafx-graphics/18/javafx-graphics-18.jar:/home/kadarkutir/.m2/repository/org/openjfx/javafx-graphics/18/javafx-graphics-18-linux.jar:/home/kadarkutir/.m2/repository/org/openjfx/javafx-base/18/javafx-base-18.jar:/home/kadarkutir/.m2/repository/org/openjfx/javafx-base/18/javafx-base-18-linux.jar:/home/kadarkutir/.m2/repository/org/openjfx/javafx-fxml/18/javafx-fxml-18.jar:/home/kadarkutir/.m2/repository/org/openjfx/javafx-fxml/18/javafx-fxml-18-linux.jar:/home/kadarkutir/.m2/repository/org/junit/jupiter/junit-jupiter-engine/5.8.2/junit-jupiter-engine-5.8.2.jar:/home/kadarkutir/.m2/repository/org/junit/platform/junit-platform-engine/1.8.2/junit-platform-engine-1.8.2.jar:/home/kadarkutir/.m2/repository/org/opentest4j/opentest4j/1.2.0/opentest4j-1.2.0.jar:/home/kadarkutir/.m2/repository/org/junit/platform/junit-platform-commons/1.8.2/junit-platform-commons-1.8.2.jar:/home/kadarkutir/.m2/repository/org/junit/jupiter/junit-jupiter-api/5.8.2/junit-jupiter-api-5.8.2.jar:/home/kadarkutir/.m2/repository/org/apiguardian/apiguardian-api/1.1.2/apiguardian-api-1.1.2.jar:/home/kadarkutir/.m2/repository/org/junit/jupiter/junit-jupiter-params/5.8.2/junit-jupiter-params-5.8.2.jar:/home/kadarkutir/.m2/repository/org/tinylog/tinylog-api/2.4.1/tinylog-api-2.4.1.jar:/home/kadarkutir/.m2/repository/org/tinylog/tinylog-impl/2.4.1/tinylog-impl-2.4.1.jar:/home/kadarkutir/.m2/repository/org/codehaus/mojo/animal-sniffer-annotations/1.18/animal-sniffer-annotations-1.18.jar:/home/kadarkutir/.m2/repository/com/google/code/gson/gson/2.9.0/gson-2.9.0.jar:"/>
    <property name="sun.cpu.endian" value="little"/>
    <property name="user.home" value="/home/kadarkutir"/>
    <property name="user.language" value="en"/>
    <property name="java.specification.vendor" value="Oracle Corporation"/>
    <property name="java.version.date" value="2022-01-18"/>
    <property name="java.home" value="/home/kadarkutir/.sdkman/candidates/java/17.0.2-open"/>
    <property name="file.separator" value="/"/>
    <property name="basedir" value="/home/kadarkutir/Project/homework-project-kadarkutir"/>
    <property name="java.vm.compressedOopsMode" value="Zero based"/>
    <property name="line.separator" value="&#10;"/>
    <property name="java.vm.specification.vendor" value="Oracle Corporation"/>
    <property name="java.specification.name" value="Java Platform API Specification"/>
    <property name="surefire.real.class.path" value="/home/kadarkutir/Project/homework-project-kadarkutir/target/surefire/surefirebooter5133400659622402304.jar"/>
    <property name="sun.management.compiler" value="HotSpot 64-Bit Tiered Compilers"/>
    <property name="java.runtime.version" value="17.0.2+8-86"/>
    <property name="user.name" value="kadarkutir"/>
    <property name="path.separator" value=":"/>
    <property name="os.version" value="5.13.0-41-generic"/>
    <property name="java.runtime.name" value="OpenJDK Runtime Environment"/>
    <property name="file.encoding" value="UTF-8"/>
    <property name="java.vm.name" value="OpenJDK 64-Bit Server VM"/>
    <property name="localRepository" value="/home/kadarkutir/.m2/repository"/>
    <property name="java.vendor.url.bug" value="https://bugreport.java.com/bugreport/"/>
    <property name="java.io.tmpdir" value="/tmp"/>
    <property name="java.version" value="17.0.2"/>
    <property name="user.dir" value="/home/kadarkutir/Project/homework-project-kadarkutir"/>
    <property name="os.arch" value="amd64"/>
    <property name="java.vm.specification.name" value="Java Virtual Machine Specification"/>
    <property name="native.encoding" value="UTF-8"/>
    <property name="java.library.path" value="/usr/java/packages/lib:/usr/lib64:/lib64:/lib:/usr/lib"/>
    <property name="java.vm.info" value="mixed mode, sharing"/>
    <property name="java.vendor" value="Oracle Corporation"/>
    <property name="java.vm.version" value="17.0.2+8-86"/>
    <property name="sun.io.unicode.encoding" value="UnicodeLittle"/>
    <property name="java.class.version" value="61.0"/>
  </properties>
  <testcase name="toStringTest" classname="board.PieceTest" time="0.118"/>
</testsuite>